<?xml version="1.0" encoding="UTF-8"?>
<!-- Generated by org.testng.reporters.JUnitXMLReporter -->
<testsuite ignored="1" hostname="DESKTOP-2RSQCAG" failures="1" tests="1" name="Test" time="40.11" errors="0" timestamp="2023-10-22T21:16:03 IST">
  <testcase classname="com.eCommerce.testCases.TC_MyAccountPageTest" name="verifylogin" time="5.212">
    <failure type="java.lang.AssertionError" message="expected [true] but found [false]">
      <![CDATA[java.lang.AssertionError: expected [true] but found [false]
at com.eCommerce.testCases.TC_MyAccountPageTest.verifylogin(TC_MyAccountPageTest.java:67)
at java.base/java.util.ArrayList.forEach(ArrayList.java:1511)
... Removed 29 stack frames]]>
    </failure>
  </testcase> <!-- verifylogin -->
  <testcase classname="com.eCommerce.testCases.TC_MyAccountPageTest" name="VerifyRegistrationAndLogin" time="0.0">
    <ignored/>
  </testcase> <!-- VerifyRegistrationAndLogin -->
</testsuite> <!-- Test -->
